<?xml version="1.0" encoding="UTF-8"?>
<!-- Generated by org.testng.reporters.JUnitReportReporter -->
<testsuite skipped="0" hostname="quoccao-X550LA" name="PP2017.gitTest.fu" tests="1" failures="0" timestamp="02 Aug 2017 07:58:48 GMT" time="4.008" errors="0">
  <testcase name="SearchHotel_001" time="4.008" classname="PP2017.gitTest.fu"/>
</testsuite> <!-- PP2017.gitTest.fu -->
